64, 64
64, 80
64, 96
64, 112
64, 128
64, 144
64, 160
64, 176
64, 192
64, 208
64, 224
64, 240
64, 256
64, 272
64, 288
64, 304
64, 320
64, 336
64, 352
64, 368
64, 384
64, 400
64, 416
64, 432
64, 448
64, 464
64, 480
64, 496
64, 512
64, 528
64, 544
64, 560
64, 576
64, 592
64, 608
64, 624
64, 640
64, 656
64, 672
64, 688
64, 704
64, 720
64, 736
64, 752
64, 768
64, 784
64, 800
64, 816
64, 832
64, 848
64, 864
64, 880
64, 896
64, 912
64, 928
64, 944
64, 960
64, 976
64, 992
64, 1008
64, 1024
64, 1040
64, 1056
64, 1072
64, 1088
80, 64
80, 80
80, 96
80, 112
80, 128
80, 144
80, 160
80, 176
80, 192
80, 208
80, 224
80, 240
80, 256
80, 272
80, 288
80, 304
80, 320
80, 336
80, 352
80, 368
80, 384
80, 400
80, 416
80, 432
80, 448
80, 464
80, 480
80, 496
80, 512
80, 528
80, 544
80, 560
80, 576
80, 592
80, 608
80, 624
80, 640
80, 656
80, 672
80, 688
80, 704
80, 720
80, 736
80, 752
80, 768
80, 784
80, 800
80, 816
80, 832
80, 848
80, 864
80, 880
80, 896
80, 912
80, 928
80, 944
80, 960
80, 976
80, 992
80, 1008
80, 1024
80, 1040
80, 1056
80, 1072
80, 1088
96, 64
96, 80
96, 96
96, 112
96, 128
96, 144
96, 160
96, 176
96, 192
96, 208
96, 224
96, 240
96, 256
96, 272
96, 288
96, 304
96, 320
96, 336
96, 352
96, 368
96, 384
96, 400
96, 416
96, 432
96, 448
96, 464
96, 480
96, 496
96, 512
96, 528
96, 544
96, 560
96, 576
96, 592
96, 608
96, 624
96, 640
96, 656
96, 672
96, 688
96, 704
96, 720
96, 736
96, 752
96, 768
96, 784
96, 800
96, 816
96, 832
96, 848
96, 864
96, 880
96, 896
96, 912
96, 928
96, 944
96, 960
96, 976
96, 992
96, 1008
96, 1024
96, 1040
96, 1056
96, 1072
96, 1088
112, 64
112, 80
112, 96
112, 112
112, 128
112, 144
112, 160
112, 176
112, 192
112, 208
112, 224
112, 240
112, 256
112, 272
112, 288
112, 304
112, 320
112, 336
112, 352
112, 368
112, 384
112, 400
112, 416
112, 432
112, 448
112, 464
112, 480
112, 496
112, 512
112, 528
112, 544
112, 560
112, 576
112, 592
112, 608
112, 624
112, 640
112, 656
112, 672
112, 688
112, 704
112, 720
112, 736
112, 752
112, 768
112, 784
112, 800
112, 816
112, 832
112, 848
112, 864
112, 880
112, 896
112, 912
112, 928
112, 944
112, 960
112, 976
112, 992
112, 1008
112, 1024
112, 1040
112, 1056
112, 1072
112, 1088
128, 64
128, 80
128, 96
128, 112
128, 128
128, 144
128, 160
128, 176
128, 192
128, 208
128, 224
128, 240
128, 256
128, 272
128, 288
128, 304
128, 320
128, 336
128, 352
128, 368
128, 384
128, 400
128, 416
128, 432
128, 448
128, 464
128, 480
128, 496
128, 512
128, 528
128, 544
128, 560
128, 576
128, 592
128, 608
128, 624
128, 640
128, 656
128, 672
128, 688
128, 704
128, 720
128, 736
128, 752
128, 768
128, 784
128, 800
128, 816
128, 832
128, 848
128, 864
128, 880
128, 896
128, 912
128, 928
128, 944
128, 960
128, 976
128, 992
128, 1008
128, 1024
128, 1040
128, 1056
128, 1072
128, 1088
144, 64
144, 80
144, 96
144, 112
144, 128
144, 144
144, 160
144, 176
144, 192
144, 208
144, 224
144, 240
144, 256
144, 272
144, 288
144, 304
144, 320
144, 336
144, 352
144, 368
144, 384
144, 400
144, 416
144, 432
144, 448
144, 464
144, 480
144, 496
144, 512
144, 528
144, 544
144, 560
144, 576
144, 592
144, 608
144, 624
144, 640
144, 656
144, 672
144, 688
144, 704
144, 720
144, 736
144, 752
144, 768
144, 784
144, 800
144, 816
144, 832
144, 848
144, 864
144, 880
144, 896
144, 912
144, 928
144, 944
144, 960
144, 976
144, 992
144, 1008
144, 1024
144, 1040
144, 1056
144, 1072
144, 1088
160, 64
160, 80
160, 96
160, 112
160, 128
160, 144
160, 160
160, 176
160, 192
160, 208
160, 224
160, 240
160, 256
160, 272
160, 288
160, 304
160, 320
160, 336
160, 352
160, 368
160, 384
160, 400
160, 416
160, 432
160, 448
160, 464
160, 480
160, 496
160, 512
160, 528
160, 544
160, 560
160, 576
160, 592
160, 608
160, 624
160, 640
160, 656
160, 672
160, 688
160, 704
160, 720
160, 736
160, 752
160, 768
160, 784
160, 800
160, 816
160, 832
160, 848
160, 864
160, 880
160, 896
160, 912
160, 928
160, 944
160, 960
160, 976
160, 992
160, 1008
160, 1024
160, 1040
160, 1056
160, 1072
160, 1088
176, 64
176, 80
176, 96
176, 112
176, 128
176, 144
176, 160
176, 176
176, 192
176, 208
176, 224
176, 240
176, 256
176, 272
176, 288
176, 304
176, 320
176, 336
176, 352
176, 368
176, 384
176, 400
176, 416
176, 432
176, 448
176, 464
176, 480
176, 496
176, 512
176, 528
176, 544
176, 560
176, 576
176, 592
176, 608
176, 624
176, 640
176, 656
176, 672
176, 688
176, 704
176, 720
176, 736
176, 752
176, 768
176, 784
176, 800
176, 816
176, 832
176, 848
176, 864
176, 880
176, 896
176, 912
176, 928
176, 944
176, 960
176, 976
176, 992
176, 1008
176, 1024
176, 1040
176, 1056
176, 1072
176, 1088
192, 64
192, 80
192, 96
192, 112
192, 128
192, 144
192, 160
192, 176
192, 192
192, 208
192, 224
192, 240
192, 256
192, 272
192, 288
192, 304
192, 320
192, 336
192, 352
192, 368
192, 384
192, 400
192, 416
192, 432
192, 448
192, 464
192, 480
192, 496
192, 512
192, 528
192, 544
192, 560
192, 576
192, 592
192, 608
192, 624
192, 640
192, 656
192, 672
192, 688
192, 704
192, 720
192, 736
192, 752
192, 768
192, 784
192, 800
192, 816
192, 832
192, 848
192, 864
192, 880
192, 896
192, 912
192, 928
192, 944
192, 960
192, 976
192, 992
192, 1008
192, 1024
192, 1040
192, 1056
192, 1072
192, 1088
208, 64
208, 80
208, 96
208, 112
208, 128
208, 144
208, 160
208, 176
208, 192
208, 208
208, 224
208, 240
208, 256
208, 272
208, 288
208, 304
208, 320
208, 336
208, 352
208, 368
208, 384
208, 400
208, 416
208, 432
208, 448
208, 464
208, 480
208, 496
208, 512
208, 528
208, 544
208, 560
208, 576
208, 592
208, 608
208, 624
208, 640
208, 656
208, 672
208, 688
208, 704
208, 720
208, 736
208, 752
208, 768
208, 784
208, 800
208, 816
208, 832
208, 848
208, 864
208, 880
208, 896
208, 912
208, 928
208, 944
208, 960
208, 976
208, 992
208, 1008
208, 1024
208, 1040
208, 1056
208, 1072
208, 1088
224, 64
224, 80
224, 96
224, 112
224, 128
224, 144
224, 160
224, 176
224, 192
224, 208
224, 224
224, 240
224, 256
224, 272
224, 288
224, 304
224, 320
224, 336
224, 352
224, 368
224, 384
224, 400
224, 416
224, 432
224, 448
224, 464
224, 480
224, 496
224, 512
224, 528
224, 544
224, 560
224, 576
224, 592
224, 608
224, 624
224, 640
224, 656
224, 672
224, 688
224, 704
224, 720
224, 736
224, 752
224, 768
224, 784
224, 800
224, 816
224, 832
224, 848
224, 864
224, 880
224, 896
224, 912
224, 928
224, 944
224, 960
224, 976
224, 992
224, 1008
224, 1024
224, 1040
224, 1056
224, 1072
224, 1088
240, 64
240, 80
240, 96
240, 112
240, 128
240, 144
240, 160
240, 176
240, 192
240, 208
240, 224
240, 240
240, 256
240, 272
240, 288
240, 304
240, 320
240, 336
240, 352
240, 368
240, 384
240, 400
240, 416
240, 432
240, 448
240, 464
240, 480
240, 496
240, 512
240, 528
240, 544
240, 560
240, 576
240, 592
240, 608
240, 624
240, 640
240, 656
240, 672
240, 688
240, 704
240, 720
240, 736
240, 752
240, 768
240, 784
240, 800
240, 816
240, 832
240, 848
240, 864
240, 880
240, 896
240, 912
240, 928
240, 944
240, 960
240, 976
240, 992
240, 1008
240, 1024
240, 1040
240, 1056
240, 1072
240, 1088
256, 64
256, 80
256, 96
256, 112
256, 128
256, 144
256, 160
256, 176
256, 192
256, 208
256, 224
256, 240
256, 256
256, 272
256, 288
256, 304
256, 320
256, 336
256, 352
256, 368
256, 384
256, 400
256, 416
256, 432
256, 448
256, 464
256, 480
256, 496
256, 512
256, 528
256, 544
256, 560
256, 576
256, 592
256, 608
256, 624
256, 640
256, 656
256, 672
256, 688
256, 704
256, 720
256, 736
256, 752
256, 768
256, 784
256, 800
256, 816
256, 832
256, 848
256, 864
256, 880
256, 896
256, 912
256, 928
256, 944
256, 960
256, 976
256, 992
256, 1008
256, 1024
256, 1040
256, 1056
256, 1072
256, 1088
272, 64
272, 80
272, 96
272, 112
272, 128
272, 144
272, 160
272, 176
272, 192
272, 208
272, 224
272, 240
272, 256
272, 272
272, 288
272, 304
272, 320
272, 336
272, 352
272, 368
272, 384
272, 400
272, 416
272, 432
272, 448
272, 464
272, 480
272, 496
272, 512
272, 528
272, 544
272, 560
272, 576
272, 592
272, 608
272, 624
272, 640
272, 656
272, 672
272, 688
272, 704
272, 720
272, 736
272, 752
272, 768
272, 784
272, 800
272, 816
272, 832
272, 848
272, 864
272, 880
272, 896
272, 912
272, 928
272, 944
272, 960
272, 976
272, 992
272, 1008
272, 1024
272, 1040
272, 1056
272, 1072
272, 1088
288, 64
288, 80
288, 96
288, 112
288, 128
288, 144
288, 160
288, 176
288, 192
288, 208
288, 224
288, 240
288, 256
288, 272
288, 288
288, 304
288, 320
288, 336
288, 352
288, 368
288, 384
288, 400
288, 416
288, 432
288, 448
288, 464
288, 480
288, 496
288, 512
288, 528
288, 544
288, 560
288, 576
288, 592
288, 608
288, 624
288, 640
288, 656
288, 672
288, 688
288, 704
288, 720
288, 736
288, 752
288, 768
288, 784
288, 800
288, 816
288, 832
288, 848
288, 864
288, 880
288, 896
288, 912
288, 928
288, 944
288, 960
288, 976
288, 992
288, 1008
288, 1024
288, 1040
288, 1056
288, 1072
288, 1088
304, 64
304, 80
304, 96
304, 112
304, 128
304, 144
304, 160
304, 176
304, 192
304, 208
304, 224
304, 240
304, 256
304, 272
304, 288
304, 304
304, 320
304, 336
304, 352
304, 368
304, 384
304, 400
304, 416
304, 432
304, 448
304, 464
304, 480
304, 496
304, 512
304, 528
304, 544
304, 560
304, 576
304, 592
304, 608
304, 624
304, 640
304, 656
304, 672
304, 688
304, 704
304, 720
304, 736
304, 752
304, 768
304, 784
304, 800
304, 816
304, 832
304, 848
304, 864
304, 880
304, 896
304, 912
304, 928
304, 944
304, 960
304, 976
304, 992
304, 1008
304, 1024
304, 1040
304, 1056
304, 1072
304, 1088
320, 64
320, 80
320, 96
320, 112
320, 128
320, 144
320, 160
320, 176
320, 192
320, 208
320, 224
320, 240
320, 256
320, 272
320, 288
320, 304
320, 320
320, 336
320, 352
320, 368
320, 384
320, 400
320, 416
320, 432
320, 448
320, 464
320, 480
320, 496
320, 512
320, 528
320, 544
320, 560
320, 576
320, 592
320, 608
320, 624
320, 640
320, 656
320, 672
320, 688
320, 704
320, 720
320, 736
320, 752
320, 768
320, 784
320, 800
320, 816
320, 832
320, 848
320, 864
320, 880
320, 896
320, 912
320, 928
320, 944
320, 960
320, 976
320, 992
320, 1008
320, 1024
320, 1040
320, 1056
320, 1072
320, 1088
336, 64
336, 80
336, 96
336, 112
336, 128
336, 144
336, 160
336, 176
336, 192
336, 208
336, 224
336, 240
336, 256
336, 272
336, 288
336, 304
336, 320
336, 336
336, 352
336, 368
336, 384
336, 400
336, 416
336, 432
336, 448
336, 464
336, 480
336, 496
336, 512
336, 528
336, 544
336, 560
336, 576
336, 592
336, 608
336, 624
336, 640
336, 656
336, 672
336, 688
336, 704
336, 720
336, 736
336, 752
336, 768
336, 784
336, 800
336, 816
336, 832
336, 848
336, 864
336, 880
336, 896
336, 912
336, 928
336, 944
336, 960
336, 976
336, 992
336, 1008
336, 1024
336, 1040
336, 1056
336, 1072
336, 1088
352, 64
352, 80
352, 96
352, 112
352, 128
352, 144
352, 160
352, 176
352, 192
352, 208
352, 224
352, 240
352, 256
352, 272
352, 288
352, 304
352, 320
352, 336
352, 352
352, 368
352, 384
352, 400
352, 416
352, 432
352, 448
352, 464
352, 480
352, 496
352, 512
352, 528
352, 544
352, 560
352, 576
352, 592
352, 608
352, 624
352, 640
352, 656
352, 672
352, 688
352, 704
352, 720
352, 736
352, 752
352, 768
352, 784
352, 800
352, 816
352, 832
352, 848
352, 864
352, 880
352, 896
352, 912
352, 928
352, 944
352, 960
352, 976
352, 992
352, 1008
352, 1024
352, 1040
352, 1056
352, 1072
352, 1088
368, 64
368, 80
368, 96
368, 112
368, 128
368, 144
368, 160
368, 176
368, 192
368, 208
368, 224
368, 240
368, 256
368, 272
368, 288
368, 304
368, 320
368, 336
368, 352
368, 368
368, 384
368, 400
368, 416
368, 432
368, 448
368, 464
368, 480
368, 496
368, 512
368, 528
368, 544
368, 560
368, 576
368, 592
368, 608
368, 624
368, 640
368, 656
368, 672
368, 688
368, 704
368, 720
368, 736
368, 752
368, 768
368, 784
368, 800
368, 816
368, 832
368, 848
368, 864
368, 880
368, 896
368, 912
368, 928
368, 944
368, 960
368, 976
368, 992
368, 1008
368, 1024
368, 1040
368, 1056
368, 1072
368, 1088
384, 64
384, 80
384, 96
384, 112
384, 128
384, 144
384, 160
384, 176
384, 192
384, 208
384, 224
384, 240
384, 256
384, 272
384, 288
384, 304
384, 320
384, 336
384, 352
384, 368
384, 384
384, 400
384, 416
384, 432
384, 448
384, 464
384, 480
384, 496
384, 512
384, 528
384, 544
384, 560
384, 576
384, 592
384, 608
384, 624
384, 640
384, 656
384, 672
384, 688
384, 704
384, 720
384, 736
384, 752
384, 768
384, 784
384, 800
384, 816
384, 832
384, 848
384, 864
384, 880
384, 896
384, 912
384, 928
384, 944
384, 960
384, 976
384, 992
384, 1008
384, 1024
384, 1040
384, 1056
384, 1072
384, 1088
400, 64
400, 80
400, 96
400, 112
400, 128
400, 144
400, 160
400, 176
400, 192
400, 208
400, 224
400, 240
400, 256
400, 272
400, 288
400, 304
400, 320
400, 336
400, 352
400, 368
400, 384
400, 400
400, 416
400, 432
400, 448
400, 464
400, 480
400, 496
400, 512
400, 528
400, 544
400, 560
400, 576
400, 592
400, 608
400, 624
400, 640
400, 656
400, 672
400, 688
400, 704
400, 720
400, 736
400, 752
400, 768
400, 784
400, 800
400, 816
400, 832
400, 848
400, 864
400, 880
400, 896
400, 912
400, 928
400, 944
400, 960
400, 976
400, 992
400, 1008
400, 1024
400, 1040
400, 1056
400, 1072
400, 1088
416, 64
416, 80
416, 96
416, 112
416, 128
416, 144
416, 160
416, 176
416, 192
416, 208
416, 224
416, 240
416, 256
416, 272
416, 288
416, 304
416, 320
416, 336
416, 352
416, 368
416, 384
416, 400
416, 416
416, 432
416, 448
416, 464
416, 480
416, 496
416, 512
416, 528
416, 544
416, 560
416, 576
416, 592
416, 608
416, 624
416, 640
416, 656
416, 672
416, 688
416, 704
416, 720
416, 736
416, 752
416, 768
416, 784
416, 800
416, 816
416, 832
416, 848
416, 864
416, 880
416, 896
416, 912
416, 928
416, 944
416, 960
416, 976
416, 992
416, 1008
416, 1024
416, 1040
416, 1056
416, 1072
416, 1088
432, 64
432, 80
432, 96
432, 112
432, 128
432, 144
432, 160
432, 176
432, 192
432, 208
432, 224
432, 240
432, 256
432, 272
432, 288
432, 304
432, 320
432, 336
432, 352
432, 368
432, 384
432, 400
432, 416
432, 432
432, 448
432, 464
432, 480
432, 496
432, 512
432, 528
432, 544
432, 560
432, 576
432, 592
432, 608
432, 624
432, 640
432, 656
432, 672
432, 688
432, 704
432, 720
432, 736
432, 752
432, 768
432, 784
432, 800
432, 816
432, 832
432, 848
432, 864
432, 880
432, 896
432, 912
432, 928
432, 944
432, 960
432, 976
432, 992
432, 1008
432, 1024
432, 1040
432, 1056
432, 1072
432, 1088
448, 64
448, 80
448, 96
448, 112
448, 128
448, 144
448, 160
448, 176
448, 192
448, 208
448, 224
448, 240
448, 256
448, 272
448, 288
448, 304
448, 320
448, 336
448, 352
448, 368
448, 384
448, 400
448, 416
448, 432
448, 448
448, 464
448, 480
448, 496
448, 512
448, 528
448, 544
448, 560
448, 576
448, 592
448, 608
448, 624
448, 640
448, 656
448, 672
448, 688
448, 704
448, 720
448, 736
448, 752
448, 768
448, 784
448, 800
448, 816
448, 832
448, 848
448, 864
448, 880
448, 896
448, 912
448, 928
448, 944
448, 960
448, 976
448, 992
448, 1008
448, 1024
448, 1040
448, 1056
448, 1072
448, 1088
464, 64
464, 80
464, 96
464, 112
464, 128
464, 144
464, 160
464, 176
464, 192
464, 208
464, 224
464, 240
464, 256
464, 272
464, 288
464, 304
464, 320
464, 336
464, 352
464, 368
464, 384
464, 400
464, 416
464, 432
464, 448
464, 464
464, 480
464, 496
464, 512
464, 528
464, 544
464, 560
464, 576
464, 592
464, 608
464, 624
464, 640
464, 656
464, 672
464, 688
464, 704
464, 720
464, 736
464, 752
464, 768
464, 784
464, 800
464, 816
464, 832
464, 848
464, 864
464, 880
464, 896
464, 912
464, 928
464, 944
464, 960
464, 976
464, 992
464, 1008
464, 1024
464, 1040
464, 1056
464, 1072
464, 1088
480, 64
480, 80
480, 96
480, 112
480, 128
480, 144
480, 160
480, 176
480, 192
480, 208
480, 224
480, 240
480, 256
480, 272
480, 288
480, 304
480, 320
480, 336
480, 352
480, 368
480, 384
480, 400
480, 416
480, 432
480, 448
480, 464
480, 480
480, 496
480, 512
480, 528
480, 544
480, 560
480, 576
480, 592
480, 608
480, 624
480, 640
480, 656
480, 672
480, 688
480, 704
480, 720
480, 736
480, 752
480, 768
480, 784
480, 800
480, 816
480, 832
480, 848
480, 864
480, 880
480, 896
480, 912
480, 928
480, 944
480, 960
480, 976
480, 992
480, 1008
480, 1024
480, 1040
480, 1056
480, 1072
480, 1088
496, 64
496, 80
496, 96
496, 112
496, 128
496, 144
496, 160
496, 176
496, 192
496, 208
496, 224
496, 240
496, 256
496, 272
496, 288
496, 304
496, 320
496, 336
496, 352
496, 368
496, 384
496, 400
496, 416
496, 432
496, 448
496, 464
496, 480
496, 496
496, 512
496, 528
496, 544
496, 560
496, 576
496, 592
496, 608
496, 624
496, 640
496, 656
496, 672
496, 688
496, 704
496, 720
496, 736
496, 752
496, 768
496, 784
496, 800
496, 816
496, 832
496, 848
496, 864
496, 880
496, 896
496, 912
496, 928
496, 944
496, 960
496, 976
496, 992
496, 1008
496, 1024
496, 1040
496, 1056
496, 1072
496, 1088
512, 64
512, 80
512, 96
512, 112
512, 128
512, 144
512, 160
512, 176
512, 192
512, 208
512, 224
512, 240
512, 256
512, 272
512, 288
512, 304
512, 320
512, 336
512, 352
512, 368
512, 384
512, 400
512, 416
512, 432
512, 448
512, 464
512, 480
512, 496
512, 512
512, 528
512, 544
512, 560
512, 576
512, 592
512, 608
512, 624
512, 640
512, 656
512, 672
512, 688
512, 704
512, 720
512, 736
512, 752
512, 768
512, 784
512, 800
512, 816
512, 832
512, 848
512, 864
512, 880
512, 896
512, 912
512, 928
512, 944
512, 960
512, 976
512, 992
512, 1008
512, 1024
512, 1040
512, 1056
512, 1072
512, 1088
528, 64
528, 80
528, 96
528, 112
528, 128
528, 144
528, 160
528, 176
528, 192
528, 208
528, 224
528, 240
528, 256
528, 272
528, 288
528, 304
528, 320
528, 336
528, 352
528, 368
528, 384
528, 400
528, 416
528, 432
528, 448
528, 464
528, 480
528, 496
528, 512
528, 528
528, 544
528, 560
528, 576
528, 592
528, 608
528, 624
528, 640
528, 656
528, 672
528, 688
528, 704
528, 720
528, 736
528, 752
528, 768
528, 784
528, 800
528, 816
528, 832
528, 848
528, 864
528, 880
528, 896
528, 912
528, 928
528, 944
528, 960
528, 976
528, 992
528, 1008
528, 1024
528, 1040
528, 1056
528, 1072
528, 1088
544, 64
544, 80
544, 96
544, 112
544, 128
544, 144
544, 160
544, 176
544, 192
544, 208
544, 224
544, 240
544, 256
544, 272
544, 288
544, 304
544, 320
544, 336
544, 352
544, 368
544, 384
544, 400
544, 416
544, 432
544, 448
544, 464
544, 480
544, 496
544, 512
544, 528
544, 544
544, 560
544, 576
544, 592
544, 608
544, 624
544, 640
544, 656
544, 672
544, 688
544, 704
544, 720
544, 736
544, 752
544, 768
544, 784
544, 800
544, 816
544, 832
544, 848
544, 864
544, 880
544, 896
544, 912
544, 928
544, 944
544, 960
544, 976
544, 992
544, 1008
544, 1024
544, 1040
544, 1056
544, 1072
544, 1088
560, 64
560, 80
560, 96
560, 112
560, 128
560, 144
560, 160
560, 176
560, 192
560, 208
560, 224
560, 240
560, 256
560, 272
560, 288
560, 304
560, 320
560, 336
560, 352
560, 368
560, 384
560, 400
560, 416
560, 432
560, 448
560, 464
560, 480
560, 496
560, 512
560, 528
560, 544
560, 560
560, 576
560, 592
560, 608
560, 624
560, 640
560, 656
560, 672
560, 688
560, 704
560, 720
560, 736
560, 752
560, 768
560, 784
560, 800
560, 816
560, 832
560, 848
560, 864
560, 880
560, 896
560, 912
560, 928
560, 944
560, 960
560, 976
560, 992
560, 1008
560, 1024
560, 1040
560, 1056
560, 1072
560, 1088
576, 64
576, 80
576, 96
576, 112
576, 128
576, 144
576, 160
576, 176
576, 192
576, 208
576, 224
576, 240
576, 256
576, 272
576, 288
576, 304
576, 320
576, 336
576, 352
576, 368
576, 384
576, 400
576, 416
576, 432
576, 448
576, 464
576, 480
576, 496
576, 512
576, 528
576, 544
576, 560
576, 576
576, 592
576, 608
576, 624
576, 640
576, 656
576, 672
576, 688
576, 704
576, 720
576, 736
576, 752
576, 768
576, 784
576, 800
576, 816
576, 832
576, 848
576, 864
576, 880
576, 896
576, 912
576, 928
576, 944
576, 960
576, 976
576, 992
576, 1008
576, 1024
576, 1040
576, 1056
576, 1072
576, 1088
592, 64
592, 80
592, 96
592, 112
592, 128
592, 144
592, 160
592, 176
592, 192
592, 208
592, 224
592, 240
592, 256
592, 272
592, 288
592, 304
592, 320
592, 336
592, 352
592, 368
592, 384
592, 400
592, 416
592, 432
592, 448
592, 464
592, 480
592, 496
592, 512
592, 528
592, 544
592, 560
592, 576
592, 592
592, 608
592, 624
592, 640
592, 656
592, 672
592, 688
592, 704
592, 720
592, 736
592, 752
592, 768
592, 784
592, 800
592, 816
592, 832
592, 848
592, 864
592, 880
592, 896
592, 912
592, 928
592, 944
592, 960
592, 976
592, 992
592, 1008
592, 1024
592, 1040
592, 1056
592, 1072
592, 1088
608, 64
608, 80
608, 96
608, 112
608, 128
608, 144
608, 160
608, 176
608, 192
608, 208
608, 224
608, 240
608, 256
608, 272
608, 288
608, 304
608, 320
608, 336
608, 352
608, 368
608, 384
608, 400
608, 416
608, 432
608, 448
608, 464
608, 480
608, 496
608, 512
608, 528
608, 544
608, 560
608, 576
608, 592
608, 608
608, 624
608, 640
608, 656
608, 672
608, 688
608, 704
608, 720
608, 736
608, 752
608, 768
608, 784
608, 800
608, 816
608, 832
608, 848
608, 864
608, 880
608, 896
608, 912
608, 928
608, 944
608, 960
608, 976
608, 992
608, 1008
608, 1024
608, 1040
608, 1056
608, 1072
608, 1088
624, 64
624, 80
624, 96
624, 112
624, 128
624, 144
624, 160
624, 176
624, 192
624, 208
624, 224
624, 240
624, 256
624, 272
624, 288
624, 304
624, 320
624, 336
624, 352
624, 368
624, 384
624, 400
624, 416
624, 432
624, 448
624, 464
624, 480
624, 496
624, 512
624, 528
624, 544
624, 560
624, 576
624, 592
624, 608
624, 624
624, 640
624, 656
624, 672
624, 688
624, 704
624, 720
624, 736
624, 752
624, 768
624, 784
624, 800
624, 816
624, 832
624, 848
624, 864
624, 880
624, 896
624, 912
624, 928
624, 944
624, 960
624, 976
624, 992
624, 1008
624, 1024
624, 1040
624, 1056
624, 1072
624, 1088
640, 64
640, 80
640, 96
640, 112
640, 128
640, 144
640, 160
640, 176
640, 192
640, 208
640, 224
640, 240
640, 256
640, 272
640, 288
640, 304
640, 320
640, 336
640, 352
640, 368
640, 384
640, 400
640, 416
640, 432
640, 448
640, 464
640, 480
640, 496
640, 512
640, 528
640, 544
640, 560
640, 576
640, 592
640, 608
640, 624
640, 640
640, 656
640, 672
640, 688
640, 704
640, 720
640, 736
640, 752
640, 768
640, 784
640, 800
640, 816
640, 832
640, 848
640, 864
640, 880
640, 896
640, 912
640, 928
640, 944
640, 960
640, 976
640, 992
640, 1008
640, 1024
640, 1040
640, 1056
640, 1072
640, 1088
656, 64
656, 80
656, 96
656, 112
656, 128
656, 144
656, 160
656, 176
656, 192
656, 208
656, 224
656, 240
656, 256
656, 272
656, 288
656, 304
656, 320
656, 336
656, 352
656, 368
656, 384
656, 400
656, 416
656, 432
656, 448
656, 464
656, 480
656, 496
656, 512
656, 528
656, 544
656, 560
656, 576
656, 592
656, 608
656, 624
656, 640
656, 656
656, 672
656, 688
656, 704
656, 720
656, 736
656, 752
656, 768
656, 784
656, 800
656, 816
656, 832
656, 848
656, 864
656, 880
656, 896
656, 912
656, 928
656, 944
656, 960
656, 976
656, 992
656, 1008
656, 1024
656, 1040
656, 1056
656, 1072
656, 1088
672, 64
672, 80
672, 96
672, 112
672, 128
672, 144
672, 160
672, 176
672, 192
672, 208
672, 224
672, 240
672, 256
672, 272
672, 288
672, 304
672, 320
672, 336
672, 352
672, 368
672, 384
672, 400
672, 416
672, 432
672, 448
672, 464
672, 480
672, 496
672, 512
672, 528
672, 544
672, 560
672, 576
672, 592
672, 608
672, 624
672, 640
672, 656
672, 672
672, 688
672, 704
672, 720
672, 736
672, 752
672, 768
672, 784
672, 800
672, 816
672, 832
672, 848
672, 864
672, 880
672, 896
672, 912
672, 928
672, 944
672, 960
672, 976
672, 992
672, 1008
672, 1024
672, 1040
672, 1056
672, 1072
672, 1088
688, 64
688, 80
688, 96
688, 112
688, 128
688, 144
688, 160
688, 176
688, 192
688, 208
688, 224
688, 240
688, 256
688, 272
688, 288
688, 304
688, 320
688, 336
688, 352
688, 368
688, 384
688, 400
688, 416
688, 432
688, 448
688, 464
688, 480
688, 496
688, 512
688, 528
688, 544
688, 560
688, 576
688, 592
688, 608
688, 624
688, 640
688, 656
688, 672
688, 688
688, 704
688, 720
688, 736
688, 752
688, 768
688, 784
688, 800
688, 816
688, 832
688, 848
688, 864
688, 880
688, 896
688, 912
688, 928
688, 944
688, 960
688, 976
688, 992
688, 1008
688, 1024
688, 1040
688, 1056
688, 1072
688, 1088
704, 64
704, 80
704, 96
704, 112
704, 128
704, 144
704, 160
704, 176
704, 192
704, 208
704, 224
704, 240
704, 256
704, 272
704, 288
704, 304
704, 320
704, 336
704, 352
704, 368
704, 384
704, 400
704, 416
704, 432
704, 448
704, 464
704, 480
704, 496
704, 512
704, 528
704, 544
704, 560
704, 576
704, 592
704, 608
704, 624
704, 640
704, 656
704, 672
704, 688
704, 704
704, 720
704, 736
704, 752
704, 768
704, 784
704, 800
704, 816
704, 832
704, 848
704, 864
704, 880
704, 896
704, 912
704, 928
704, 944
704, 960
704, 976
704, 992
704, 1008
704, 1024
704, 1040
704, 1056
704, 1072
704, 1088
720, 64
720, 80
720, 96
720, 112
720, 128
720, 144
720, 160
720, 176
720, 192
720, 208
720, 224
720, 240
720, 256
720, 272
720, 288
720, 304
720, 320
720, 336
720, 352
720, 368
720, 384
720, 400
720, 416
720, 432
720, 448
720, 464
720, 480
720, 496
720, 512
720, 528
720, 544
720, 560
720, 576
720, 592
720, 608
720, 624
720, 640
720, 656
720, 672
720, 688
720, 704
720, 720
720, 736
720, 752
720, 768
720, 784
720, 800
720, 816
720, 832
720, 848
720, 864
720, 880
720, 896
720, 912
720, 928
720, 944
720, 960
720, 976
720, 992
720, 1008
720, 1024
720, 1040
720, 1056
720, 1072
720, 1088
736, 64
736, 80
736, 96
736, 112
736, 128
736, 144
736, 160
736, 176
736, 192
736, 208
736, 224
736, 240
736, 256
736, 272
736, 288
736, 304
736, 320
736, 336
736, 352
736, 368
736, 384
736, 400
736, 416
736, 432
736, 448
736, 464
736, 480
736, 496
736, 512
736, 528
736, 544
736, 560
736, 576
736, 592
736, 608
736, 624
736, 640
736, 656
736, 672
736, 688
736, 704
736, 720
736, 736
736, 752
736, 768
736, 784
736, 800
736, 816
736, 832
736, 848
736, 864
736, 880
736, 896
736, 912
736, 928
736, 944
736, 960
736, 976
736, 992
736, 1008
736, 1024
736, 1040
736, 1056
736, 1072
736, 1088
752, 64
752, 80
752, 96
752, 112
752, 128
752, 144
752, 160
752, 176
752, 192
752, 208
752, 224
752, 240
752, 256
752, 272
752, 288
752, 304
752, 320
752, 336
752, 352
752, 368
752, 384
752, 400
752, 416
752, 432
752, 448
752, 464
752, 480
752, 496
752, 512
752, 528
752, 544
752, 560
752, 576
752, 592
752, 608
752, 624
752, 640
752, 656
752, 672
752, 688
752, 704
752, 720
752, 736
752, 752
752, 768
752, 784
752, 800
752, 816
752, 832
752, 848
752, 864
752, 880
752, 896
752, 912
752, 928
752, 944
752, 960
752, 976
752, 992
752, 1008
752, 1024
752, 1040
752, 1056
752, 1072
752, 1088
768, 64
768, 80
768, 96
768, 112
768, 128
768, 144
768, 160
768, 176
768, 192
768, 208
768, 224
768, 240
768, 256
768, 272
768, 288
768, 304
768, 320
768, 336
768, 352
768, 368
768, 384
768, 400
768, 416
768, 432
768, 448
768, 464
768, 480
768, 496
768, 512
768, 528
768, 544
768, 560
768, 576
768, 592
768, 608
768, 624
768, 640
768, 656
768, 672
768, 688
768, 704
768, 720
768, 736
768, 752
768, 768
768, 784
768, 800
768, 816
768, 832
768, 848
768, 864
768, 880
768, 896
768, 912
768, 928
768, 944
768, 960
768, 976
768, 992
768, 1008
768, 1024
768, 1040
768, 1056
768, 1072
768, 1088
784, 64
784, 80
784, 96
784, 112
784, 128
784, 144
784, 160
784, 176
784, 192
784, 208
784, 224
784, 240
784, 256
784, 272
784, 288
784, 304
784, 320
784, 336
784, 352
784, 368
784, 384
784, 400
784, 416
784, 432
784, 448
784, 464
784, 480
784, 496
784, 512
784, 528
784, 544
784, 560
784, 576
784, 592
784, 608
784, 624
784, 640
784, 656
784, 672
784, 688
784, 704
784, 720
784, 736
784, 752
784, 768
784, 784
784, 800
784, 816
784, 832
784, 848
784, 864
784, 880
784, 896
784, 912
784, 928
784, 944
784, 960
784, 976
784, 992
784, 1008
784, 1024
784, 1040
784, 1056
784, 1072
784, 1088
800, 64
800, 80
800, 96
800, 112
800, 128
800, 144
800, 160
800, 176
800, 192
800, 208
800, 224
800, 240
800, 256
800, 272
800, 288
800, 304
800, 320
800, 336
800, 352
800, 368
800, 384
800, 400
800, 416
800, 432
800, 448
800, 464
800, 480
800, 496
800, 512
800, 528
800, 544
800, 560
800, 576
800, 592
800, 608
800, 624
800, 640
800, 656
800, 672
800, 688
800, 704
800, 720
800, 736
800, 752
800, 768
800, 784
800, 800
800, 816
800, 832
800, 848
800, 864
800, 880
800, 896
800, 912
800, 928
800, 944
800, 960
800, 976
800, 992
800, 1008
800, 1024
800, 1040
800, 1056
800, 1072
800, 1088
816, 64
816, 80
816, 96
816, 112
816, 128
816, 144
816, 160
816, 176
816, 192
816, 208
816, 224
816, 240
816, 256
816, 272
816, 288
816, 304
816, 320
816, 336
816, 352
816, 368
816, 384
816, 400
816, 416
816, 432
816, 448
816, 464
816, 480
816, 496
816, 512
816, 528
816, 544
816, 560
816, 576
816, 592
816, 608
816, 624
816, 640
816, 656
816, 672
816, 688
816, 704
816, 720
816, 736
816, 752
816, 768
816, 784
816, 800
816, 816
816, 832
816, 848
816, 864
816, 880
816, 896
816, 912
816, 928
816, 944
816, 960
816, 976
816, 992
816, 1008
816, 1024
816, 1040
816, 1056
816, 1072
816, 1088
832, 64
832, 80
832, 96
832, 112
832, 128
832, 144
832, 160
832, 176
832, 192
832, 208
832, 224
832, 240
832, 256
832, 272
832, 288
832, 304
832, 320
832, 336
832, 352
832, 368
832, 384
832, 400
832, 416
832, 432
832, 448
832, 464
832, 480
832, 496
832, 512
832, 528
832, 544
832, 560
832, 576
832, 592
832, 608
832, 624
832, 640
832, 656
832, 672
832, 688
832, 704
832, 720
832, 736
832, 752
832, 768
832, 784
832, 800
832, 816
832, 832
832, 848
832, 864
832, 880
832, 896
832, 912
832, 928
832, 944
832, 960
832, 976
832, 992
832, 1008
832, 1024
832, 1040
832, 1056
832, 1072
832, 1088
848, 64
848, 80
848, 96
848, 112
848, 128
848, 144
848, 160
848, 176
848, 192
848, 208
848, 224
848, 240
848, 256
848, 272
848, 288
848, 304
848, 320
848, 336
848, 352
848, 368
848, 384
848, 400
848, 416
848, 432
848, 448
848, 464
848, 480
848, 496
848, 512
848, 528
848, 544
848, 560
848, 576
848, 592
848, 608
848, 624
848, 640
848, 656
848, 672
848, 688
848, 704
848, 720
848, 736
848, 752
848, 768
848, 784
848, 800
848, 816
848, 832
848, 848
848, 864
848, 880
848, 896
848, 912
848, 928
848, 944
848, 960
848, 976
848, 992
848, 1008
848, 1024
848, 1040
848, 1056
848, 1072
864, 64
864, 80
864, 96
864, 112
864, 128
864, 144
864, 160
864, 176
864, 192
864, 208
864, 224
864, 240
864, 256
864, 272
864, 288
864, 304
864, 320
864, 336
864, 352
864, 368
864, 384
864, 400
864, 416
864, 432
864, 448
864, 464
864, 480
864, 496
864, 512
864, 528
864, 544
864, 560
864, 576
864, 592
864, 608
864, 624
864, 640
864, 656
864, 672
864, 688
864, 704
864, 720
864, 736
864, 752
864, 768
864, 784
864, 800
864, 816
864, 832
864, 848
864, 864
864, 880
864, 896
864, 912
864, 928
864, 944
864, 960
864, 976
864, 992
864, 1008
864, 1024
864, 1040
864, 1056
880, 64
880, 80
880, 96
880, 112
880, 128
880, 144
880, 160
880, 176
880, 192
880, 208
880, 224
880, 240
880, 256
880, 272
880, 288
880, 304
880, 320
880, 336
880, 352
880, 368
880, 384
880, 400
880, 416
880, 432
880, 448
880, 464
880, 480
880, 496
880, 512
880, 528
880, 544
880, 560
880, 576
880, 592
880, 608
880, 624
880, 640
880, 656
880, 672
880, 688
880, 704
880, 720
880, 736
880, 752
880, 768
880, 784
880, 800
880, 816
880, 832
880, 848
880, 864
880, 880
880, 896
880, 912
880, 928
880, 944
880, 960
880, 976
880, 992
880, 1008
880, 1024
880, 1040
896, 64
896, 80
896, 96
896, 112
896, 128
896, 144
896, 160
896, 176
896, 192
896, 208
896, 224
896, 240
896, 256
896, 272
896, 288
896, 304
896, 320
896, 336
896, 352
896, 368
896, 384
896, 400
896, 416
896, 432
896, 448
896, 464
896, 480
896, 496
896, 512
896, 528
896, 544
896, 560
896, 576
896, 592
896, 608
896, 624
896, 640
896, 656
896, 672
896, 688
896, 704
896, 720
896, 736
896, 752
896, 768
896, 784
896, 800
896, 816
896, 832
896, 848
896, 864
896, 880
896, 896
896, 912
896, 928
896, 944
896, 960
896, 976
896, 992
896, 1008
896, 1024
912, 64
912, 80
912, 96
912, 112
912, 128
912, 144
912, 160
912, 176
912, 192
912, 208
912, 224
912, 240
912, 256
912, 272
912, 288
912, 304
912, 320
912, 336
912, 352
912, 368
912, 384
912, 400
912, 416
912, 432
912, 448
912, 464
912, 480
912, 496
912, 512
912, 528
912, 544
912, 560
912, 576
912, 592
912, 608
912, 624
912, 640
912, 656
912, 672
912, 688
912, 704
912, 720
912, 736
912, 752
912, 768
912, 784
912, 800
912, 816
912, 832
912, 848
912, 864
912, 880
912, 896
912, 912
912, 928
912, 944
912, 960
912, 976
912, 992
912, 1008
928, 64
928, 80
928, 96
928, 112
928, 128
928, 144
928, 160
928, 176
928, 192
928, 208
928, 224
928, 240
928, 256
928, 272
928, 288
928, 304
928, 320
928, 336
928, 352
928, 368
928, 384
928, 400
928, 416
928, 432
928, 448
928, 464
928, 480
928, 496
928, 512
928, 528
928, 544
928, 560
928, 576
928, 592
928, 608
928, 624
928, 640
928, 656
928, 672
928, 688
928, 704
928, 720
928, 736
928, 752
928, 768
928, 784
928, 800
928, 816
928, 832
928, 848
928, 864
928, 880
928, 896
928, 912
928, 928
928, 944
928, 960
928, 976
928, 992
944, 64
944, 80
944, 96
944, 112
944, 128
944, 144
944, 160
944, 176
944, 192
944, 208
944, 224
944, 240
944, 256
944, 272
944, 288
944, 304
944, 320
944, 336
944, 352
944, 368
944, 384
944, 400
944, 416
944, 432
944, 448
944, 464
944, 480
944, 496
944, 512
944, 528
944, 544
944, 560
944, 576
944, 592
944, 608
944, 624
944, 640
944, 656
944, 672
944, 688
944, 704
944, 720
944, 736
944, 752
944, 768
944, 784
944, 800
944, 816
944, 832
944, 848
944, 864
944, 880
944, 896
944, 912
944, 928
944, 944
944, 960
944, 976
960, 64
960, 80
960, 96
960, 112
960, 128
960, 144
960, 160
960, 176
960, 192
960, 208
960, 224
960, 240
960, 256
960, 272
960, 288
960, 304
960, 320
960, 336
960, 352
960, 368
960, 384
960, 400
960, 416
960, 432
960, 448
960, 464
960, 480
960, 496
960, 512
960, 528
960, 544
960, 560
960, 576
960, 592
960, 608
960, 624
960, 640
960, 656
960, 672
960, 688
960, 704
960, 720
960, 736
960, 752
960, 768
960, 784
960, 800
960, 816
960, 832
960, 848
960, 864
960, 880
960, 896
960, 912
960, 928
960, 944
960, 960
976, 64
976, 80
976, 96
976, 112
976, 128
976, 144
976, 160
976, 176
976, 192
976, 208
976, 224
976, 240
976, 256
976, 272
976, 288
976, 304
976, 320
976, 336
976, 352
976, 368
976, 384
976, 400
976, 416
976, 432
976, 448
976, 464
976, 480
976, 496
976, 512
976, 528
976, 544
976, 560
976, 576
976, 592
976, 608
976, 624
976, 640
976, 656
976, 672
976, 688
976, 704
976, 720
976, 736
976, 752
976, 768
976, 784
976, 800
976, 816
976, 832
976, 848
976, 864
976, 880
976, 896
976, 912
976, 928
976, 944
992, 64
992, 80
992, 96
992, 112
992, 128
992, 144
992, 160
992, 176
992, 192
992, 208
992, 224
992, 240
992, 256
992, 272
992, 288
992, 304
992, 320
992, 336
992, 352
992, 368
992, 384
992, 400
992, 416
992, 432
992, 448
992, 464
992, 480
992, 496
992, 512
992, 528
992, 544
992, 560
992, 576
992, 592
992, 608
992, 624
992, 640
992, 656
992, 672
992, 688
992, 704
992, 720
992, 736
992, 752
992, 768
992, 784
992, 800
992, 816
992, 832
992, 848
992, 864
992, 880
992, 896
992, 912
992, 928
1008, 64
1008, 80
1008, 96
1008, 112
1008, 128
1008, 144
1008, 160
1008, 176
1008, 192
1008, 208
1008, 224
1008, 240
1008, 256
1008, 272
1008, 288
1008, 304
1008, 320
1008, 336
1008, 352
1008, 368
1008, 384
1008, 400
1008, 416
1008, 432
1008, 448
1008, 464
1008, 480
1008, 496
1008, 512
1008, 528
1008, 544
1008, 560
1008, 576
1008, 592
1008, 608
1008, 624
1008, 640
1008, 656
1008, 672
1008, 688
1008, 704
1008, 720
1008, 736
1008, 752
1008, 768
1008, 784
1008, 800
1008, 816
1008, 832
1008, 848
1008, 864
1008, 880
1008, 896
1008, 912
1024, 64
1024, 80
1024, 96
1024, 112
1024, 128
1024, 144
1024, 160
1024, 176
1024, 192
1024, 208
1024, 224
1024, 240
1024, 256
1024, 272
1024, 288
1024, 304
1024, 320
1024, 336
1024, 352
1024, 368
1024, 384
1024, 400
1024, 416
1024, 432
1024, 448
1024, 464
1024, 480
1024, 496
1024, 512
1024, 528
1024, 544
1024, 560
1024, 576
1024, 592
1024, 608
1024, 624
1024, 640
1024, 656
1024, 672
1024, 688
1024, 704
1024, 720
1024, 736
1024, 752
1024, 768
1024, 784
1024, 800
1024, 816
1024, 832
1024, 848
1024, 864
1024, 880
1024, 896
1040, 64
1040, 80
1040, 96
1040, 112
1040, 128
1040, 144
1040, 160
1040, 176
1040, 192
1040, 208
1040, 224
1040, 240
1040, 256
1040, 272
1040, 288
1040, 304
1040, 320
1040, 336
1040, 352
1040, 368
1040, 384
1040, 400
1040, 416
1040, 432
1040, 448
1040, 464
1040, 480
1040, 496
1040, 512
1040, 528
1040, 544
1040, 560
1040, 576
1040, 592
1040, 608
1040, 624
1040, 640
1040, 656
1040, 672
1040, 688
1040, 704
1040, 720
1040, 736
1040, 752
1040, 768
1040, 784
1040, 800
1040, 816
1040, 832
1040, 848
1040, 864
1040, 880
1056, 64
1056, 80
1056, 96
1056, 112
1056, 128
1056, 144
1056, 160
1056, 176
1056, 192
1056, 208
1056, 224
1056, 240
1056, 256
1056, 272
1056, 288
1056, 304
1056, 320
1056, 336
1056, 352
1056, 368
1056, 384
1056, 400
1056, 416
1056, 432
1056, 448
1056, 464
1056, 480
1056, 496
1056, 512
1056, 528
1056, 544
1056, 560
1056, 576
1056, 592
1056, 608
1056, 624
1056, 640
1056, 656
1056, 672
1056, 688
1056, 704
1056, 720
1056, 736
1056, 752
1056, 768
1056, 784
1056, 800
1056, 816
1056, 832
1056, 848
1056, 864
1072, 64
1072, 80
1072, 96
1072, 112
1072, 128
1072, 144
1072, 160
1072, 176
1072, 192
1072, 208
1072, 224
1072, 240
1072, 256
1072, 272
1072, 288
1072, 304
1072, 320
1072, 336
1072, 352
1072, 368
1072, 384
1072, 400
1072, 416
1072, 432
1072, 448
1072, 464
1072, 480
1072, 496
1072, 512
1072, 528
1072, 544
1072, 560
1072, 576
1072, 592
1072, 608
1072, 624
1072, 640
1072, 656
1072, 672
1072, 688
1072, 704
1072, 720
1072, 736
1072, 752
1072, 768
1072, 784
1072, 800
1072, 816
1072, 832
1072, 848
1088, 64
1088, 80
1088, 96
1088, 112
1088, 128
1088, 144
1088, 160
1088, 176
1088, 192
1088, 208
1088, 224
1088, 240
1088, 256
1088, 272
1088, 288
1088, 304
1088, 320
1088, 336
1088, 352
1088, 368
1088, 384
1088, 400
1088, 416
1088, 432
1088, 448
1088, 464
1088, 480
1088, 496
1088, 512
1088, 528
1088, 544
1088, 560
1088, 576
1088, 592
1088, 608
1088, 624
1088, 640
1088, 656
1088, 672
1088, 688
1088, 704
1088, 720
1088, 736
1088, 752
1088, 768
1088, 784
1088, 800
1088, 816
1088, 832
1104, 64
1104, 80
1104, 96
1104, 112
1104, 128
1104, 144
1104, 160
1104, 176
1104, 192
1104, 208
1104, 224
1104, 240
1104, 256
1104, 272
1104, 288
1104, 304
1104, 320
1104, 336
1104, 352
1104, 368
1104, 384
1104, 400
1104, 416
1104, 432
1104, 448
1104, 464
1104, 480
1104, 496
1104, 512
1104, 528
1104, 544
1104, 560
1104, 576
1104, 592
1104, 608
1104, 624
1104, 640
1104, 656
1104, 672
1104, 688
1104, 704
1104, 720
1104, 736
1104, 752
1104, 768
1104, 784
1104, 800
1104, 816
1104, 832
1120, 64
1120, 80
1120, 96
1120, 112
1120, 128
1120, 144
1120, 160
1120, 176
1120, 192
1120, 208
1120, 224
1120, 240
1120, 256
1120, 272
1120, 288
1120, 304
1120, 320
1120, 336
1120, 352
1120, 368
1120, 384
1120, 400
1120, 416
1120, 432
1120, 448
1120, 464
1120, 480
1120, 496
1120, 512
1120, 528
1120, 544
1120, 560
1120, 576
1120, 592
1120, 608
1120, 624
1120, 640
1120, 656
1120, 672
1120, 688
1120, 704
1120, 720
1120, 736
1120, 752
1120, 768
1120, 784
1120, 800
1120, 816
1136, 64
1136, 80
1136, 96
1136, 112
1136, 128
1136, 144
1136, 160
1136, 176
1136, 192
1136, 208
1136, 224
1136, 240
1136, 256
1136, 272
1136, 288
1136, 304
1136, 320
1136, 336
1136, 352
1136, 368
1136, 384
1136, 400
1136, 416
1136, 432
1136, 448
1136, 464
1136, 480
1136, 496
1136, 512
1136, 528
1136, 544
1136, 560
1136, 576
1136, 592
1136, 608
1136, 624
1136, 640
1136, 656
1136, 672
1136, 688
1136, 704
1136, 720
1136, 736
1136, 752
1136, 768
1136, 784
1136, 800
1152, 64
1152, 80
1152, 96
1152, 112
1152, 128
1152, 144
1152, 160
1152, 176
1152, 192
1152, 208
1152, 224
1152, 240
1152, 256
1152, 272
1152, 288
1152, 304
1152, 320
1152, 336
1152, 352
1152, 368
1152, 384
1152, 400
1152, 416
1152, 432
1152, 448
1152, 464
1152, 480
1152, 496
1152, 512
1152, 528
1152, 544
1152, 560
1152, 576
1152, 592
1152, 608
1152, 624
1152, 640
1152, 656
1152, 672
1152, 688
1152, 704
1152, 720
1152, 736
1152, 752
1152, 768
1152, 784
1152, 800
1168, 64
1168, 80
1168, 96
1168, 112
1168, 128
1168, 144
1168, 160
1168, 176
1168, 192
1168, 208
1168, 224
1168, 240
1168, 256
1168, 272
1168, 288
1168, 304
1168, 320
1168, 336
1168, 352
1168, 368
1168, 384
1168, 400
1168, 416
1168, 432
1168, 448
1168, 464
1168, 480
1168, 496
1168, 512
1168, 528
1168, 544
1168, 560
1168, 576
1168, 592
1168, 608
1168, 624
1168, 640
1168, 656
1168, 672
1168, 688
1168, 704
1168, 720
1168, 736
1168, 752
1168, 768
1168, 784
1184, 64
1184, 80
1184, 96
1184, 112
1184, 128
1184, 144
1184, 160
1184, 176
1184, 192
1184, 208
1184, 224
1184, 240
1184, 256
1184, 272
1184, 288
1184, 304
1184, 320
1184, 336
1184, 352
1184, 368
1184, 384
1184, 400
1184, 416
1184, 432
1184, 448
1184, 464
1184, 480
1184, 496
1184, 512
1184, 528
1184, 544
1184, 560
1184, 576
1184, 592
1184, 608
1184, 624
1184, 640
1184, 656
1184, 672
1184, 688
1184, 704
1184, 720
1184, 736
1184, 752
1184, 768
1200, 64
1200, 80
1200, 96
1200, 112
1200, 128
1200, 144
1200, 160
1200, 176
1200, 192
1200, 208
1200, 224
1200, 240
1200, 256
1200, 272
1200, 288
1200, 304
1200, 320
1200, 336
1200, 352
1200, 368
1200, 384
1200, 400
1200, 416
1200, 432
1200, 448
1200, 464
1200, 480
1200, 496
1200, 512
1200, 528
1200, 544
1200, 560
1200, 576
1200, 592
1200, 608
1200, 624
1200, 640
1200, 656
1200, 672
1200, 688
1200, 704
1200, 720
1200, 736
1200, 752
1200, 768
1216, 64
1216, 80
1216, 96
1216, 112
1216, 128
1216, 144
1216, 160
1216, 176
1216, 192
1216, 208
1216, 224
1216, 240
1216, 256
1216, 272
1216, 288
1216, 304
1216, 320
1216, 336
1216, 352
1216, 368
1216, 384
1216, 400
1216, 416
1216, 432
1216, 448
1216, 464
1216, 480
1216, 496
1216, 512
1216, 528
1216, 544
1216, 560
1216, 576
1216, 592
1216, 608
1216, 624
1216, 640
1216, 656
1216, 672
1216, 688
1216, 704
1216, 720
1216, 736
1216, 752
1232, 64
1232, 80
1232, 96
1232, 112
1232, 128
1232, 144
1232, 160
1232, 176
1232, 192
1232, 208
1232, 224
1232, 240
1232, 256
1232, 272
1232, 288
1232, 304
1232, 320
1232, 336
1232, 352
1232, 368
1232, 384
1232, 400
1232, 416
1232, 432
1232, 448
1232, 464
1232, 480
1232, 496
1232, 512
1232, 528
1232, 544
1232, 560
1232, 576
1232, 592
1232, 608
1232, 624
1232, 640
1232, 656
1232, 672
1232, 688
1232, 704
1232, 720
1232, 736
1248, 64
1248, 80
1248, 96
1248, 112
1248, 128
1248, 144
1248, 160
1248, 176
1248, 192
1248, 208
1248, 224
1248, 240
1248, 256
1248, 272
1248, 288
1248, 304
1248, 320
1248, 336
1248, 352
1248, 368
1248, 384
1248, 400
1248, 416
1248, 432
1248, 448
1248, 464
1248, 480
1248, 496
1248, 512
1248, 528
1248, 544
1248, 560
1248, 576
1248, 592
1248, 608
1248, 624
1248, 640
1248, 656
1248, 672
1248, 688
1248, 704
1248, 720
1248, 736
1264, 64
1264, 80
1264, 96
1264, 112
1264, 128
1264, 144
1264, 160
1264, 176
1264, 192
1264, 208
1264, 224
1264, 240
1264, 256
1264, 272
1264, 288
1264, 304
1264, 320
1264, 336
1264, 352
1264, 368
1264, 384
1264, 400
1264, 416
1264, 432
1264, 448
1264, 464
1264, 480
1264, 496
1264, 512
1264, 528
1264, 544
1264, 560
1264, 576
1264, 592
1264, 608
1264, 624
1264, 640
1264, 656
1264, 672
1264, 688
1264, 704
1264, 720
1280, 64
1280, 80
1280, 96
1280, 112
1280, 128
1280, 144
1280, 160
1280, 176
1280, 192
1280, 208
1280, 224
1280, 240
1280, 256
1280, 272
1280, 288
1280, 304
1280, 320
1280, 336
1280, 352
1280, 368
1280, 384
1280, 400
1280, 416
1280, 432
1280, 448
1280, 464
1280, 480
1280, 496
1280, 512
1280, 528
1280, 544
1280, 560
1280, 576
1280, 592
1280, 608
1280, 624
1280, 640
1280, 656
1280, 672
1280, 688
1280, 704
1280, 720
1296, 64
1296, 80
1296, 96
1296, 112
1296, 128
1296, 144
1296, 160
1296, 176
1296, 192
1296, 208
1296, 224
1296, 240
1296, 256
1296, 272
1296, 288
1296, 304
1296, 320
1296, 336
1296, 352
1296, 368
1296, 384
1296, 400
1296, 416
1296, 432
1296, 448
1296, 464
1296, 480
1296, 496
1296, 512
1296, 528
1296, 544
1296, 560
1296, 576
1296, 592
1296, 608
1296, 624
1296, 640
1296, 656
1296, 672
1296, 688
1296, 704
1312, 64
1312, 80
1312, 96
1312, 112
1312, 128
1312, 144
1312, 160
1312, 176
1312, 192
1312, 208
1312, 224
1312, 240
1312, 256
1312, 272
1312, 288
1312, 304
1312, 320
1312, 336
1312, 352
1312, 368
1312, 384
1312, 400
1312, 416
1312, 432
1312, 448
1312, 464
1312, 480
1312, 496
1312, 512
1312, 528
1312, 544
1312, 560
1312, 576
1312, 592
1312, 608
1312, 624
1312, 640
1312, 656
1312, 672
1312, 688
1328, 64
1328, 80
1328, 96
1328, 112
1328, 128
1328, 144
1328, 160
1328, 176
1328, 192
1328, 208
1328, 224
1328, 240
1328, 256
1328, 272
1328, 288
1328, 304
1328, 320
1328, 336
1328, 352
1328, 368
1328, 384
1328, 400
1328, 416
1328, 432
1328, 448
1328, 464
1328, 480
1328, 496
1328, 512
1328, 528
1328, 544
1328, 560
1328, 576
1328, 592
1328, 608
1328, 624
1328, 640
1328, 656
1328, 672
1328, 688
1344, 64
1344, 80
1344, 96
1344, 112
1344, 128
1344, 144
1344, 160
1344, 176
1344, 192
1344, 208
1344, 224
1344, 240
1344, 256
1344, 272
1344, 288
1344, 304
1344, 320
1344, 336
1344, 352
1344, 368
1344, 384
1344, 400
1344, 416
1344, 432
1344, 448
1344, 464
1344, 480
1344, 496
1344, 512
1344, 528
1344, 544
1344, 560
1344, 576
1344, 592
1344, 608
1344, 624
1344, 640
1344, 656
1344, 672
1360, 64
1360, 80
1360, 96
1360, 112
1360, 128
1360, 144
1360, 160
1360, 176
1360, 192
1360, 208
1360, 224
1360, 240
1360, 256
1360, 272
1360, 288
1360, 304
1360, 320
1360, 336
1360, 352
1360, 368
1360, 384
1360, 400
1360, 416
1360, 432
1360, 448
1360, 464
1360, 480
1360, 496
1360, 512
1360, 528
1360, 544
1360, 560
1360, 576
1360, 592
1360, 608
1360, 624
1360, 640
1360, 656
1360, 672
1376, 64
1376, 80
1376, 96
1376, 112
1376, 128
1376, 144
1376, 160
1376, 176
1376, 192
1376, 208
1376, 224
1376, 240
1376, 256
1376, 272
1376, 288
1376, 304
1376, 320
1376, 336
1376, 352
1376, 368
1376, 384
1376, 400
1376, 416
1376, 432
1376, 448
1376, 464
1376, 480
1376, 496
1376, 512
1376, 528
1376, 544
1376, 560
1376, 576
1376, 592
1376, 608
1376, 624
1376, 640
1376, 656
1392, 64
1392, 80
1392, 96
1392, 112
1392, 128
1392, 144
1392, 160
1392, 176
1392, 192
1392, 208
1392, 224
1392, 240
1392, 256
1392, 272
1392, 288
1392, 304
1392, 320
1392, 336
1392, 352
1392, 368
1392, 384
1392, 400
1392, 416
1392, 432
1392, 448
1392, 464
1392, 480
1392, 496
1392, 512
1392, 528
1392, 544
1392, 560
1392, 576
1392, 592
1392, 608
1392, 624
1392, 640
1392, 656
1408, 64
1408, 80
1408, 96
1408, 112
1408, 128
1408, 144
1408, 160
1408, 176
1408, 192
1408, 208
1408, 224
1408, 240
1408, 256
1408, 272
1408, 288
1408, 304
1408, 320
1408, 336
1408, 352
1408, 368
1408, 384
1408, 400
1408, 416
1408, 432
1408, 448
1408, 464
1408, 480
1408, 496
1408, 512
1408, 528
1408, 544
1408, 560
1408, 576
1408, 592
1408, 608
1408, 624
1408, 640
1424, 64
1424, 80
1424, 96
1424, 112
1424, 128
1424, 144
1424, 160
1424, 176
1424, 192
1424, 208
1424, 224
1424, 240
1424, 256
1424, 272
1424, 288
1424, 304
1424, 320
1424, 336
1424, 352
1424, 368
1424, 384
1424, 400
1424, 416
1424, 432
1424, 448
1424, 464
1424, 480
1424, 496
1424, 512
1424, 528
1424, 544
1424, 560
1424, 576
1424, 592
1424, 608
1424, 624
1424, 640
1440, 64
1440, 80
1440, 96
1440, 112
1440, 128
1440, 144
1440, 160
1440, 176
1440, 192
1440, 208
1440, 224
1440, 240
1440, 256
1440, 272
1440, 288
1440, 304
1440, 320
1440, 336
1440, 352
1440, 368
1440, 384
1440, 400
1440, 416
1440, 432
1440, 448
1440, 464
1440, 480
1440, 496
1440, 512
1440, 528
1440, 544
1440, 560
1440, 576
1440, 592
1440, 608
1440, 624
1440, 640
1456, 64
1456, 80
1456, 96
1456, 112
1456, 128
1456, 144
1456, 160
1456, 176
1456, 192
1456, 208
1456, 224
1456, 240
1456, 256
1456, 272
1456, 288
1456, 304
1456, 320
1456, 336
1456, 352
1456, 368
1456, 384
1456, 400
1456, 416
1456, 432
1456, 448
1456, 464
1456, 480
1456, 496
1456, 512
1456, 528
1456, 544
1456, 560
1456, 576
1456, 592
1456, 608
1456, 624
1472, 64
1472, 80
1472, 96
1472, 112
1472, 128
1472, 144
1472, 160
1472, 176
1472, 192
1472, 208
1472, 224
1472, 240
1472, 256
1472, 272
1472, 288
1472, 304
1472, 320
1472, 336
1472, 352
1472, 368
1472, 384
1472, 400
1472, 416
1472, 432
1472, 448
1472, 464
1472, 480
1472, 496
1472, 512
1472, 528
1472, 544
1472, 560
1472, 576
1472, 592
1472, 608
1472, 624
1488, 64
1488, 80
1488, 96
1488, 112
1488, 128
1488, 144
1488, 160
1488, 176
1488, 192
1488, 208
1488, 224
1488, 240
1488, 256
1488, 272
1488, 288
1488, 304
1488, 320
1488, 336
1488, 352
1488, 368
1488, 384
1488, 400
1488, 416
1488, 432
1488, 448
1488, 464
1488, 480
1488, 496
1488, 512
1488, 528
1488, 544
1488, 560
1488, 576
1488, 592
1488, 608
1504, 64
1504, 80
1504, 96
1504, 112
1504, 128
1504, 144
1504, 160
1504, 176
1504, 192
1504, 208
1504, 224
1504, 240
1504, 256
1504, 272
1504, 288
1504, 304
1504, 320
1504, 336
1504, 352
1504, 368
1504, 384
1504, 400
1504, 416
1504, 432
1504, 448
1504, 464
1504, 480
1504, 496
1504, 512
1504, 528
1504, 544
1504, 560
1504, 576
1504, 592
1504, 608
1520, 64
1520, 80
1520, 96
1520, 112
1520, 128
1520, 144
1520, 160
1520, 176
1520, 192
1520, 208
1520, 224
1520, 240
1520, 256
1520, 272
1520, 288
1520, 304
1520, 320
1520, 336
1520, 352
1520, 368
1520, 384
1520, 400
1520, 416
1520, 432
1520, 448
1520, 464
1520, 480
1520, 496
1520, 512
1520, 528
1520, 544
1520, 560
1520, 576
1520, 592
1536, 64
1536, 80
1536, 96
1536, 112
1536, 128
1536, 144
1536, 160
1536, 176
1536, 192
1536, 208
1536, 224
1536, 240
1536, 256
1536, 272
1536, 288
1536, 304
1536, 320
1536, 336
1536, 352
1536, 368
1536, 384
1536, 400
1536, 416
1536, 432
1536, 448
1536, 464
1536, 480
1536, 496
1536, 512
1536, 528
1536, 544
1536, 560
1536, 576
1536, 592
1552, 64
1552, 80
1552, 96
1552, 112
1552, 128
1552, 144
1552, 160
1552, 176
1552, 192
1552, 208
1552, 224
1552, 240
1552, 256
1552, 272
1552, 288
1552, 304
1552, 320
1552, 336
1552, 352
1552, 368
1552, 384
1552, 400
1552, 416
1552, 432
1552, 448
1552, 464
1552, 480
1552, 496
1552, 512
1552, 528
1552, 544
1552, 560
1552, 576
1552, 592
1568, 64
1568, 80
1568, 96
1568, 112
1568, 128
1568, 144
1568, 160
1568, 176
1568, 192
1568, 208
1568, 224
1568, 240
1568, 256
1568, 272
1568, 288
1568, 304
1568, 320
1568, 336
1568, 352
1568, 368
1568, 384
1568, 400
1568, 416
1568, 432
1568, 448
1568, 464
1568, 480
1568, 496
1568, 512
1568, 528
1568, 544
1568, 560
1568, 576
1584, 64
1584, 80
1584, 96
1584, 112
1584, 128
1584, 144
1584, 160
1584, 176
1584, 192
1584, 208
1584, 224
1584, 240
1584, 256
1584, 272
1584, 288
1584, 304
1584, 320
1584, 336
1584, 352
1584, 368
1584, 384
1584, 400
1584, 416
1584, 432
1584, 448
1584, 464
1584, 480
1584, 496
1584, 512
1584, 528
1584, 544
1584, 560
1584, 576
1600, 64
1600, 80
1600, 96
1600, 112
1600, 128
1600, 144
1600, 160
1600, 176
1600, 192
1600, 208
1600, 224
1600, 240
1600, 256
1600, 272
1600, 288
1600, 304
1600, 320
1600, 336
1600, 352
1600, 368
1600, 384
1600, 400
1600, 416
1600, 432
1600, 448
1600, 464
1600, 480
1600, 496
1600, 512
1600, 528
1600, 544
1600, 560
1600, 576
1616, 64
1616, 80
1616, 96
1616, 112
1616, 128
1616, 144
1616, 160
1616, 176
1616, 192
1616, 208
1616, 224
1616, 240
1616, 256
1616, 272
1616, 288
1616, 304
1616, 320
1616, 336
1616, 352
1616, 368
1616, 384
1616, 400
1616, 416
1616, 432
1616, 448
1616, 464
1616, 480
1616, 496
1616, 512
1616, 528
1616, 544
1616, 560
1632, 64
1632, 80
1632, 96
1632, 112
1632, 128
1632, 144
1632, 160
1632, 176
1632, 192
1632, 208
1632, 224
1632, 240
1632, 256
1632, 272
1632, 288
1632, 304
1632, 320
1632, 336
1632, 352
1632, 368
1632, 384
1632, 400
1632, 416
1632, 432
1632, 448
1632, 464
1632, 480
1632, 496
1632, 512
1632, 528
1632, 544
1632, 560
1648, 64
1648, 80
1648, 96
1648, 112
1648, 128
1648, 144
1648, 160
1648, 176
1648, 192
1648, 208
1648, 224
1648, 240
1648, 256
1648, 272
1648, 288
1648, 304
1648, 320
1648, 336
1648, 352
1648, 368
1648, 384
1648, 400
1648, 416
1648, 432
1648, 448
1648, 464
1648, 480
1648, 496
1648, 512
1648, 528
1648, 544
1664, 64
1664, 80
1664, 96
1664, 112
1664, 128
1664, 144
1664, 160
1664, 176
1664, 192
1664, 208
1664, 224
1664, 240
1664, 256
1664, 272
1664, 288
1664, 304
1664, 320
1664, 336
1664, 352
1664, 368
1664, 384
1664, 400
1664, 416
1664, 432
1664, 448
1664, 464
1664, 480
1664, 496
1664, 512
1664, 528
1664, 544
1680, 64
1680, 80
1680, 96
1680, 112
1680, 128
1680, 144
1680, 160
1680, 176
1680, 192
1680, 208
1680, 224
1680, 240
1680, 256
1680, 272
1680, 288
1680, 304
1680, 320
1680, 336
1680, 352
1680, 368
1680, 384
1680, 400
1680, 416
1680, 432
1680, 448
1680, 464
1680, 480
1680, 496
1680, 512
1680, 528
1680, 544
1696, 64
1696, 80
1696, 96
1696, 112
1696, 128
1696, 144
1696, 160
1696, 176
1696, 192
1696, 208
1696, 224
1696, 240
1696, 256
1696, 272
1696, 288
1696, 304
1696, 320
1696, 336
1696, 352
1696, 368
1696, 384
1696, 400
1696, 416
1696, 432
1696, 448
1696, 464
1696, 480
1696, 496
1696, 512
1696, 528
1712, 64
1712, 80
1712, 96
1712, 112
1712, 128
1712, 144
1712, 160
1712, 176
1712, 192
1712, 208
1712, 224
1712, 240
1712, 256
1712, 272
1712, 288
1712, 304
1712, 320
1712, 336
1712, 352
1712, 368
1712, 384
1712, 400
1712, 416
1712, 432
1712, 448
1712, 464
1712, 480
1712, 496
1712, 512
1712, 528
1728, 64
1728, 80
1728, 96
1728, 112
1728, 128
1728, 144
1728, 160
1728, 176
1728, 192
1728, 208
1728, 224
1728, 240
1728, 256
1728, 272
1728, 288
1728, 304
1728, 320
1728, 336
1728, 352
1728, 368
1728, 384
1728, 400
1728, 416
1728, 432
1728, 448
1728, 464
1728, 480
1728, 496
1728, 512
1728, 528
1744, 64
1744, 80
1744, 96
1744, 112
1744, 128
1744, 144
1744, 160
1744, 176
1744, 192
1744, 208
1744, 224
1744, 240
1744, 256
1744, 272
1744, 288
1744, 304
1744, 320
1744, 336
1744, 352
1744, 368
1744, 384
1744, 400
1744, 416
1744, 432
1744, 448
1744, 464
1744, 480
1744, 496
1744, 512
1744, 528
1760, 64
1760, 80
1760, 96
1760, 112
1760, 128
1760, 144
1760, 160
1760, 176
1760, 192
1760, 208
1760, 224
1760, 240
1760, 256
1760, 272
1760, 288
1760, 304
1760, 320
1760, 336
1760, 352
1760, 368
1760, 384
1760, 400
1760, 416
1760, 432
1760, 448
1760, 464
1760, 480
1760, 496
1760, 512
1776, 64
1776, 80
1776, 96
1776, 112
1776, 128
1776, 144
1776, 160
1776, 176
1776, 192
1776, 208
1776, 224
1776, 240
1776, 256
1776, 272
1776, 288
1776, 304
1776, 320
1776, 336
1776, 352
1776, 368
1776, 384
1776, 400
1776, 416
1776, 432
1776, 448
1776, 464
1776, 480
1776, 496
1776, 512
1792, 64
1792, 80
1792, 96
1792, 112
1792, 128
1792, 144
1792, 160
1792, 176
1792, 192
1792, 208
1792, 224
1792, 240
1792, 256
1792, 272
1792, 288
1792, 304
1792, 320
1792, 336
1792, 352
1792, 368
1792, 384
1792, 400
1792, 416
1792, 432
1792, 448
1792, 464
1792, 480
1792, 496
1792, 512
1808, 64
1808, 80
1808, 96
1808, 112
1808, 128
1808, 144
1808, 160
1808, 176
1808, 192
1808, 208
1808, 224
1808, 240
1808, 256
1808, 272
1808, 288
1808, 304
1808, 320
1808, 336
1808, 352
1808, 368
1808, 384
1808, 400
1808, 416
1808, 432
1808, 448
1808, 464
1808, 480
1808, 496
1824, 64
1824, 80
1824, 96
1824, 112
1824, 128
1824, 144
1824, 160
1824, 176
1824, 192
1824, 208
1824, 224
1824, 240
1824, 256
1824, 272
1824, 288
1824, 304
1824, 320
1824, 336
1824, 352
1824, 368
1824, 384
1824, 400
1824, 416
1824, 432
1824, 448
1824, 464
1824, 480
1824, 496
1840, 64
1840, 80
1840, 96
1840, 112
1840, 128
1840, 144
1840, 160
1840, 176
1840, 192
1840, 208
1840, 224
1840, 240
1840, 256
1840, 272
1840, 288
1840, 304
1840, 320
1840, 336
1840, 352
1840, 368
1840, 384
1840, 400
1840, 416
1840, 432
1840, 448
1840, 464
1840, 480
1840, 496
1856, 64
1856, 80
1856, 96
1856, 112
1856, 128
1856, 144
1856, 160
1856, 176
1856, 192
1856, 208
1856, 224
1856, 240
1856, 256
1856, 272
1856, 288
1856, 304
1856, 320
1856, 336
1856, 352
1856, 368
1856, 384
1856, 400
1856, 416
1856, 432
1856, 448
1856, 464
1856, 480
1856, 496
1872, 64
1872, 80
1872, 96
1872, 112
1872, 128
1872, 144
1872, 160
1872, 176
1872, 192
1872, 208
1872, 224
1872, 240
1872, 256
1872, 272
1872, 288
1872, 304
1872, 320
1872, 336
1872, 352
1872, 368
1872, 384
1872, 400
1872, 416
1872, 432
1872, 448
1872, 464
1872, 480
1888, 64
1888, 80
1888, 96
1888, 112
1888, 128
1888, 144
1888, 160
1888, 176
1888, 192
1888, 208
1888, 224
1888, 240
1888, 256
1888, 272
1888, 288
1888, 304
1888, 320
1888, 336
1888, 352
1888, 368
1888, 384
1888, 400
1888, 416
1888, 432
1888, 448
1888, 464
1888, 480
1904, 64
1904, 80
1904, 96
1904, 112
1904, 128
1904, 144
1904, 160
1904, 176
1904, 192
1904, 208
1904, 224
1904, 240
1904, 256
1904, 272
1904, 288
1904, 304
1904, 320
1904, 336
1904, 352
1904, 368
1904, 384
1904, 400
1904, 416
1904, 432
1904, 448
1904, 464
1904, 480
1920, 64
1920, 80
1920, 96
1920, 112
1920, 128
1920, 144
1920, 160
1920, 176
1920, 192
1920, 208
1920, 224
1920, 240
1920, 256
1920, 272
1920, 288
1920, 304
1920, 320
1920, 336
1920, 352
1920, 368
1920, 384
1920, 400
1920, 416
1920, 432
1920, 448
1920, 464
1920, 480
